[debug] [2025-04-17T10:53:18.442Z] ----------------------------------------------------------------------
[debug] [2025-04-17T10:53:18.447Z] Command:       C:\Program Files\nodejs\node.exe C:\Users\Lenovo\AppData\Roaming\npm\node_modules\firebase-tools\lib\bin\firebase.js init
[debug] [2025-04-17T10:53:18.448Z] CLI Version:   14.2.0
[debug] [2025-04-17T10:53:18.448Z] Platform:      win32
[debug] [2025-04-17T10:53:18.449Z] Node Version:  v20.17.0
[debug] [2025-04-17T10:53:18.449Z] Time:          Thu Apr 17 2025 16:23:18 GMT+0530 (India Standard Time)
[debug] [2025-04-17T10:53:18.450Z] ----------------------------------------------------------------------
[debug] 
[debug] [2025-04-17T10:53:18.461Z] > command requires scopes: ["email","openid","https://www.googleapis.com/auth/cloudplatformprojects.readonly","https://www.googleapis.com/auth/firebase","https://www.googleapis.com/auth/cloud-platform"]
[debug] [2025-04-17T10:53:18.462Z] > authorizing via signed-in user (surajnimeshh1000@gmail.com)
[info] 
     ######## #### ########  ######## ########     ###     ######  ########
     ##        ##  ##     ## ##       ##     ##  ##   ##  ##       ##
     ######    ##  ########  ######   ########  #########  ######  ######
     ##        ##  ##    ##  ##       ##     ## ##     ##       ## ##
     ##       #### ##     ## ######## ########  ##     ##  ######  ########

You're about to initialize a Firebase project in this directory:

  C:\Users\Lenovo\Desktop\website

[info] 
=== Project Setup
[info] 
[info] First, let's associate this project directory with a Firebase project.
[info] You can create multiple project aliases by running firebase use --add, 
[info] but for now we'll just set up a default project.
[info] 
